<?xml version="1.0" encoding="UTF-8"?>
<!-- Generated by org.testng.reporters.JUnitXMLReporter -->
<testsuite hostname="ROHINI-LNV" ignored="0" name="HomeDepot Test" tests="4" failures="0" timestamp="04 Apr 2021 04:37:10 GMT" time="120.993" errors="0">
  <testcase name="giftcards_004" time="45.08" classname="com.homedepot.TestCases.HomeScreenTest"/>
  <testcase name="findastore_003" time="24.739" classname="com.homedepot.TestCases.HomeScreenTest"/>
  <testcase name="searchanitem_tc002" time="17.26" classname="com.homedepot.TestCases.HomeScreenTest"/>
  <testcase name="login_001" time="18.517" classname="com.homedepot.TestCases.HomeScreenTest"/>
</testsuite> <!-- HomeDepot Test -->
